<?xml version="1.0" encoding="UTF-8"?>
<!-- Generated by org.testng.reporters.JUnitReportReporter -->
<testsuite hostname="ChethanNJ" failures="0" tests="1" name="CalleyTeamsFullSetup.CalleyAutomation.MatchFilsPageTest" time="32.299" errors="0" timestamp="19 Jan 2025 13:16:19 GMT">
  <testcase classname="CalleyTeamsFullSetup.CalleyAutomation.MatchFilsPageTest" name="fillingTheForm" time="32.299"/>
</testsuite> <!-- CalleyTeamsFullSetup.CalleyAutomation.MatchFilsPageTest -->
