<?xml version="1.0" encoding="UTF-8"?>
<!-- Generated by org.testng.reporters.JUnitReportReporter -->
<testsuite hostname="ChethanNJ" failures="0" tests="1" name="CalleyTeamsFullSetup.CalleyAutomation.AgentPageTest" time="24.434" errors="0" timestamp="22 Jan 2025 03:13:31 GMT">
  <testcase classname="CalleyTeamsFullSetup.CalleyAutomation.AgentPageTest" name="addAgentsTo" time="24.434"/>
</testsuite> <!-- CalleyTeamsFullSetup.CalleyAutomation.AgentPageTest -->
