<?xml version="1.0" encoding="UTF-8"?>
<!-- Generated by org.testng.reporters.JUnitReportReporter -->
<testsuite hostname="ChethanNJ" failures="0" tests="1" name="CalleyTeamsFullSetup.CalleyAutomation.CallListPageTest" time="53.079" errors="0" timestamp="19 Jan 2025 17:05:36 GMT">
  <testcase classname="CalleyTeamsFullSetup.CalleyAutomation.CallListPageTest" name="UploadFiletoCallList" time="53.079"/>
</testsuite> <!-- CalleyTeamsFullSetup.CalleyAutomation.CallListPageTest -->
