<?xml version="1.0" encoding="UTF-8"?>
<!-- Generated by org.testng.reporters.JUnitReportReporter -->
<testsuite hostname="ChethanNJ" failures="0" tests="1" name="CalleyTeamsFullSetup.CalleyAutomation.AgentPageTest" time="62.160" errors="0" timestamp="19 Jan 2025 17:15:23 GMT">
  <testcase classname="CalleyTeamsFullSetup.CalleyAutomation.AgentPageTest" name="addAgentsTo" time="62.160"/>
</testsuite> <!-- CalleyTeamsFullSetup.CalleyAutomation.AgentPageTest -->
