<?xml version="1.0" encoding="UTF-8"?>
<!-- Generated by org.testng.reporters.JUnitReportReporter -->
<testsuite hostname="ChethanNJ" failures="0" tests="1" name="CalleyTeamsFullSetup.CalleyAutomation.LoginPageTest" time="46.235" errors="0" timestamp="19 Jan 2025 16:49:59 GMT">
  <testcase classname="CalleyTeamsFullSetup.CalleyAutomation.LoginPageTest" name="login" time="46.235"/>
</testsuite> <!-- CalleyTeamsFullSetup.CalleyAutomation.LoginPageTest -->
